<?xml version="1.0" encoding="UTF-8"?>
<!-- Generated by org.testng.reporters.JUnitReportReporter -->
<testsuite hostname="DESKTOP-JT2H9FE" failures="0" tests="7" name="testngextra.InvocationCount" time="0.041" errors="0" timestamp="2022-07-09T15:45:30 IST" skipped="0">
  <testcase classname="testngextra.InvocationCount" name="sandhya" time="0.003"/>
  <system-out/>
  <testcase classname="testngextra.InvocationCount" name="bijit" time="0.002"/>
  <system-out/>
  <testcase classname="testngextra.InvocationCount" name="boss" time="0.002"/>
  <system-out/>
  <testcase classname="testngextra.InvocationCount" name="bijit" time="0.024"/>
  <system-out/>
  <testcase classname="testngextra.InvocationCount" name="bijit" time="0.003"/>
  <system-out/>
  <testcase classname="testngextra.InvocationCount" name="sandhya" time="0.002"/>
  <system-out/>
  <testcase classname="testngextra.InvocationCount" name="boss" time="0.005"/>
  <system-out/>
</testsuite> <!-- testngextra.InvocationCount -->
