<?xml version="1.0" encoding="UTF-8"?>
<!-- Generated by org.testng.reporters.JUnitReportReporter -->
<testsuite hostname="DESKTOP-JT2H9FE" failures="0" tests="3" name="testngextra.Priority" time="0.006" errors="0" timestamp="2022-07-09T15:45:30 IST" skipped="0">
  <testcase classname="testngextra.Priority" name="sandhya" time="0.002"/>
  <system-out/>
  <testcase classname="testngextra.Priority" name="boss" time="0.003"/>
  <system-out/>
  <testcase classname="testngextra.Priority" name="bijit" time="0.001"/>
  <system-out/>
</testsuite> <!-- testngextra.Priority -->
