<?xml version="1.0" encoding="UTF-8"?>
<!-- Generated by org.testng.reporters.JUnitReportReporter -->
<testsuite hostname="DESKTOP-JT2H9FE" failures="0" tests="3" name="testngextra.DependOnMethod" time="0.009" errors="0" timestamp="2022-07-09T15:45:30 IST" skipped="0">
  <testcase classname="testngextra.DependOnMethod" name="createcustomer" time="0.004"/>
  <system-out/>
  <testcase classname="testngextra.DependOnMethod" name="delete" time="0.003"/>
  <system-out/>
  <testcase classname="testngextra.DependOnMethod" name="login" time="0.002"/>
  <system-out/>
</testsuite> <!-- testngextra.DependOnMethod -->
