<?xml version="1.0" encoding="UTF-8"?>
<!-- Generated by org.testng.reporters.JUnitReportReporter -->
<testsuite hostname="DESKTOP-JT2H9FE" failures="0" tests="3" name="testngextra.MultipleTestMethods" time="0.008" errors="0" timestamp="2022-07-09T15:45:30 IST" skipped="0">
  <testcase classname="testngextra.MultipleTestMethods" name="boss" time="0.003"/>
  <system-out/>
  <testcase classname="testngextra.MultipleTestMethods" name="bijit" time="0.002"/>
  <system-out/>
  <testcase classname="testngextra.MultipleTestMethods" name="sandhya" time="0.003"/>
  <system-out/>
</testsuite> <!-- testngextra.MultipleTestMethods -->
